<?xml version="1.0" encoding="UTF-8"?>
<!-- Generated by org.testng.reporters.JUnitReportReporter -->
<testsuite hostname="GGI" failures="0" tests="1" name="qaautomation.adminBatpay.Webtest" time="28.580" errors="0" timestamp="08 Dec 2023 08:20:44 GMT" skipped="0">
  <testcase classname="qaautomation.adminBatpay.Webtest" name="testBlokir" time="28.580"/>
</testsuite> <!-- qaautomation.adminBatpay.Webtest -->
